<?xml version="1.0" encoding="UTF-8"?>
<!-- Generated by org.testng.reporters.JUnitReportReporter -->
<testsuite hostname="MacBook-Pro-de-Diego.local" failures="0" tests="1" name="GoogleTest" time="15.058" errors="0" timestamp="2020-12-09T13:46:42 CET" skipped="0">
  <testcase classname="GoogleTest" name="getTitleTest" time="15.058"/>
  <system-out/>
</testsuite> <!-- GoogleTest -->
