<?xml version="1.0" encoding="UTF-8"?>
<!-- Generated by org.testng.reporters.JUnitReportReporter -->
<testsuite hostname="MacBook-Pro-de-Diego.local" failures="0" tests="3" name="PrimerTest" time="15.865" errors="0" timestamp="2020-12-09T13:46:42 CET" skipped="0">
  <testcase classname="PrimerTest" name="spotifyTest" time="3.650"/>
  <system-out/>
  <testcase classname="PrimerTest" name="bbcMundo" time="8.423"/>
  <system-out/>
  <testcase classname="PrimerTest" name="testing" time="3.792"/>
  <system-out/>
</testsuite> <!-- PrimerTest -->
