<?xml version="1.0" encoding="UTF-8"?>
<!-- Generated by org.testng.reporters.JUnitReportReporter -->
<testsuite hostname="MacBook-Pro-de-Diego.local" failures="0" tests="1" name="GoogleTest" time="14.657" errors="0" timestamp="2020-12-11T09:19:03 CET" skipped="0">
  <testcase classname="GoogleTest" name="getTitleTest" time="14.657"/>
  <system-out/>
</testsuite> <!-- GoogleTest -->
