<?xml version="1.0" encoding="UTF-8"?>
<!-- Generated by org.testng.reporters.JUnitReportReporter -->
<testsuite hostname="MacBook-Pro-de-Diego.local" failures="0" tests="3" name="PrimerTest" time="14.590" errors="0" timestamp="2020-12-11T09:19:03 CET" skipped="0">
  <testcase classname="PrimerTest" name="testing" time="3.638"/>
  <system-out/>
  <testcase classname="PrimerTest" name="bbcMundo" time="7.781"/>
  <system-out/>
  <testcase classname="PrimerTest" name="spotifyTest" time="3.171"/>
  <system-out/>
</testsuite> <!-- PrimerTest -->
